{
  "RSpec": {
    "coverage": {
      "/Users/pdebevec/dev/ThePlebHub/config/environment.rb": {
        "lines": [
          null,
          1,
          null,
          null,
          1
        ]
      },
      "/Users/pdebevec/dev/ThePlebHub/config/application.rb": {
        "lines": [
          1,
          null,
          1,
          null,
          null,
          null,
          1,
          null,
          1,
          1,
          null,
          1,
          null,
          null,
          null,
          null,
          1,
          null,
          null,
          null,
          null,
          null,
          null,
          null,
          null,
          null,
          null
        ]
      },
      "/Users/pdebevec/dev/ThePlebHub/config/boot.rb": {
        "lines": [
          1,
          null,
          1,
          1
        ]
      },
      "/Users/pdebevec/dev/ThePlebHub/config/environments/test.rb": {
        "lines": [
          1,
          null,
          null,
          null,
          null,
          null,
          null,
          1,
          null,
          null,
          null,
          1,
          null,
          null,
          null,
          null,
          null,
          1,
          null,
          null,
          1,
          1,
          null,
          null,
          null,
          null,
          1,
          1,
          1,
          null,
          null,
          1,
          null,
          null,
          1,
          null,
          null,
          1,
          null,
          1,
          null,
          null,
          null,
          null,
          1,
          null,
          null,
          1,
          null,
          null,
          1,
          null,
          null,
          1,
          null,
          null,
          null,
          null,
          null,
          null,
          null,
          null,
          1,
          null
        ]
      },
      "/Users/pdebevec/dev/ThePlebHub/config/initializers/assets.rb": {
        "lines": [
          null,
          null,
          null,
          1,
          null,
          null,
          null,
          null,
          null,
          null,
          null,
          null
        ]
      },
      "/Users/pdebevec/dev/ThePlebHub/config/initializers/content_security_policy.rb": {
        "lines": [
          null,
          null,
          null,
          null,
          null,
          null,
          null,
          null,
          null,
          null,
          null,
          null,
          null,
          null,
          null,
          null,
          null,
          null,
          null,
          null,
          null,
          null,
          null,
          null,
          null
        ]
      },
      "/Users/pdebevec/dev/ThePlebHub/config/initializers/filter_parameter_logging.rb": {
        "lines": [
          null,
          null,
          null,
          null,
          null,
          1,
          null,
          null
        ]
      },
      "/Users/pdebevec/dev/ThePlebHub/config/initializers/inflections.rb": {
        "lines": [
          null,
          null,
          null,
          null,
          null,
          null,
          null,
          null,
          null,
          null,
          null,
          null,
          null,
          null,
          null,
          null
        ]
      },
      "/Users/pdebevec/dev/ThePlebHub/config/initializers/permissions_policy.rb": {
        "lines": [
          null,
          null,
          null,
          null,
          null,
          null,
          null,
          null,
          null,
          null,
          null,
          null,
          null
        ]
      },
      "/Users/pdebevec/dev/ThePlebHub/config/routes.rb": {
        "lines": [
          1,
          1,
          1,
          null,
          1,
          null
        ]
      },
      "/Users/pdebevec/dev/ThePlebHub/app/helpers/about_helper.rb": {
        "lines": [
          1,
          null
        ]
      },
      "/Users/pdebevec/dev/ThePlebHub/app/helpers/application_helper.rb": {
        "lines": [
          1,
          null
        ]
      },
      "/Users/pdebevec/dev/ThePlebHub/app/helpers/landing_helper.rb": {
        "lines": [
          1,
          null
        ]
      },
      "/Users/pdebevec/dev/ThePlebHub/spec/features/landing_page/landing_spec.rb": {
        "lines": [
          1,
          null,
          1,
          1,
          2,
          null,
          2,
          null,
          null,
          null,
          null,
          null,
          null,
          null,
          null,
          null,
          null
        ]
      },
      "/Users/pdebevec/dev/ThePlebHub/app/controllers/landing_controller.rb": {
        "lines": [
          1,
          1,
          null,
          null
        ]
      },
      "/Users/pdebevec/dev/ThePlebHub/app/controllers/application_controller.rb": {
        "lines": [
          1,
          null
        ]
      },
      "/Users/pdebevec/dev/ThePlebHub/spec/helpers/about_helper_spec.rb": {
        "lines": [
          null,
          null,
          null,
          null,
          null,
          null,
          null,
          null,
          null,
          null,
          null,
          null,
          null,
          null,
          null,
          null,
          null,
          null,
          null
        ]
      },
      "/Users/pdebevec/dev/ThePlebHub/spec/helpers/landing_helper_spec.rb": {
        "lines": [
          null,
          null,
          null,
          null,
          null,
          null,
          null,
          null,
          null,
          null,
          null,
          null,
          null,
          null,
          null
        ]
      },
      "/Users/pdebevec/dev/ThePlebHub/spec/requests/about_spec.rb": {
        "lines": [
          null,
          null,
          null,
          null,
          null,
          null,
          null,
          null
        ]
      },
      "/Users/pdebevec/dev/ThePlebHub/spec/requests/landing_spec.rb": {
        "lines": [
          null,
          null,
          null,
          null,
          null,
          null,
          null
        ]
      },
      "/Users/pdebevec/dev/ThePlebHub/app/controllers/about_controller.rb": {
        "lines": [
          1,
          1,
          null,
          null
        ]
      }
    },
    "timestamp": 1709998807
  }
}
